OpenROAD 0a584d123190322b0725d5440c2c486d91d3afd8 
This program is licensed under the BSD-3 license. See the LICENSE file for details.
Components of this program may be licensed under more restrictive licenses which must be honored.
[INFO]: Reading ODB at '/openlane/designs/pes_seq_det_ml_fsm/runs/final/results/cts/pes_seq_det_ml_fsm.odb'…
define_corners Typical
read_liberty -corner Typical /home/vamsi/.volare/sky130A/libs.ref/sky130_fd_sc_hd/lib/sky130_fd_sc_hd__tt_025C_1v80.lib
Using 1e-12 for capacitance...
Using 1e+03 for resistance...
Using 1e-09 for time...
Using 1e+00 for voltage...
Using 1e-03 for current...
Using 1e-09 for power...
Using 1e-06 for distance...
Reading design constraints file at '/openlane/scripts/base.sdc'…
[INFO]: Setting output delay to: 2.0
[INFO]: Setting input delay to: 2.0
[INFO]: Setting load to: 0.033442
[INFO]: Setting clock uncertainty to: 0.25
[INFO]: Setting clock transition to: 0.15
[INFO]: Setting timing derate to: 5.0 %
[INFO]: Setting RC values...
min_report

===========================================================================
report_checks -path_delay min (Hold)
============================================================================
======================= Typical Corner ===================================

Startpoint: _32_ (rising edge-triggered flip-flop clocked by clock)
Endpoint: _32_ (rising edge-triggered flip-flop clocked by clock)
Path Group: clock
Path Type: min

Fanout     Cap    Slew   Delay    Time   Description
-----------------------------------------------------------------------------
                  0.15    0.00    0.00   clock clock (rise edge)
                          0.00    0.00   clock network delay (ideal)
                  0.15    0.00    0.00 ^ _32_/CLK (sky130_fd_sc_hd__dfrtp_1)
     4    0.01    0.09    0.37    0.37 ^ _32_/Q (sky130_fd_sc_hd__dfrtp_1)
                                         current_state[2] (net)
                  0.09    0.00    0.37 ^ _13_/B (sky130_fd_sc_hd__nand2_1)
     2    0.00    0.05    0.07    0.44 v _13_/Y (sky130_fd_sc_hd__nand2_1)
                                         _04_ (net)
                  0.05    0.00    0.44 v _22_/B1 (sky130_fd_sc_hd__o2111a_1)
     1    0.00    0.03    0.13    0.57 v _22_/X (sky130_fd_sc_hd__o2111a_1)
                                         next_state[2] (net)
                  0.03    0.00    0.57 v _32_/D (sky130_fd_sc_hd__dfrtp_1)
                                  0.57   data arrival time

                  0.15    0.00    0.00   clock clock (rise edge)
                          0.00    0.00   clock network delay (ideal)
                          0.25    0.25   clock uncertainty
                          0.00    0.25   clock reconvergence pessimism
                                  0.25 ^ _32_/CLK (sky130_fd_sc_hd__dfrtp_1)
                         -0.02    0.23   library hold time
                                  0.23   data required time
-----------------------------------------------------------------------------
                                  0.23   data required time
                                 -0.57   data arrival time
-----------------------------------------------------------------------------
                                  0.34   slack (MET)


Startpoint: _32_ (rising edge-triggered flip-flop clocked by clock)
Endpoint: _29_ (rising edge-triggered flip-flop clocked by clock)
Path Group: clock
Path Type: min

Fanout     Cap    Slew   Delay    Time   Description
-----------------------------------------------------------------------------
                  0.15    0.00    0.00   clock clock (rise edge)
                          0.00    0.00   clock network delay (ideal)
                  0.15    0.00    0.00 ^ _32_/CLK (sky130_fd_sc_hd__dfrtp_1)
     4    0.01    0.09    0.37    0.37 ^ _32_/Q (sky130_fd_sc_hd__dfrtp_1)
                                         current_state[2] (net)
                  0.09    0.00    0.37 ^ _25_/A (sky130_fd_sc_hd__and3_1)
     1    0.00    0.05    0.14    0.51 ^ _25_/X (sky130_fd_sc_hd__and3_1)
                                         _12_ (net)
                  0.05    0.00    0.51 ^ _26_/A (sky130_fd_sc_hd__clkbuf_1)
     1    0.00    0.03    0.07    0.58 ^ _26_/X (sky130_fd_sc_hd__clkbuf_1)
                                         _03_ (net)
                  0.03    0.00    0.58 ^ _29_/D (sky130_fd_sc_hd__dfxtp_1)
                                  0.58   data arrival time

                  0.15    0.00    0.00   clock clock (rise edge)
                          0.00    0.00   clock network delay (ideal)
                          0.25    0.25   clock uncertainty
                          0.00    0.25   clock reconvergence pessimism
                                  0.25 ^ _29_/CLK (sky130_fd_sc_hd__dfxtp_1)
                         -0.02    0.23   library hold time
                                  0.23   data required time
-----------------------------------------------------------------------------
                                  0.23   data required time
                                 -0.58   data arrival time
-----------------------------------------------------------------------------
                                  0.35   slack (MET)


Startpoint: _32_ (rising edge-triggered flip-flop clocked by clock)
Endpoint: _31_ (rising edge-triggered flip-flop clocked by clock)
Path Group: clock
Path Type: min

Fanout     Cap    Slew   Delay    Time   Description
-----------------------------------------------------------------------------
                  0.15    0.00    0.00   clock clock (rise edge)
                          0.00    0.00   clock network delay (ideal)
                  0.15    0.00    0.00 ^ _32_/CLK (sky130_fd_sc_hd__dfrtp_1)
     4    0.01    0.09    0.37    0.37 ^ _32_/Q (sky130_fd_sc_hd__dfrtp_1)
                                         current_state[2] (net)
                  0.09    0.00    0.37 ^ _18_/A_N (sky130_fd_sc_hd__and3b_1)
     1    0.00    0.03    0.17    0.54 v _18_/X (sky130_fd_sc_hd__and3b_1)
                                         _08_ (net)
                  0.03    0.00    0.54 v _19_/A (sky130_fd_sc_hd__clkbuf_1)
     1    0.00    0.02    0.07    0.62 v _19_/X (sky130_fd_sc_hd__clkbuf_1)
                                         next_state[1] (net)
                  0.02    0.00    0.62 v _31_/D (sky130_fd_sc_hd__dfrtp_1)
                                  0.62   data arrival time

                  0.15    0.00    0.00   clock clock (rise edge)
                          0.00    0.00   clock network delay (ideal)
                          0.25    0.25   clock uncertainty
                          0.00    0.25   clock reconvergence pessimism
                                  0.25 ^ _31_/CLK (sky130_fd_sc_hd__dfrtp_1)
                         -0.01    0.24   library hold time
                                  0.24   data required time
-----------------------------------------------------------------------------
                                  0.24   data required time
                                 -0.62   data arrival time
-----------------------------------------------------------------------------
                                  0.38   slack (MET)


Startpoint: _32_ (rising edge-triggered flip-flop clocked by clock)
Endpoint: _30_ (rising edge-triggered flip-flop clocked by clock)
Path Group: clock
Path Type: min

Fanout     Cap    Slew   Delay    Time   Description
-----------------------------------------------------------------------------
                  0.15    0.00    0.00   clock clock (rise edge)
                          0.00    0.00   clock network delay (ideal)
                  0.15    0.00    0.00 ^ _32_/CLK (sky130_fd_sc_hd__dfrtp_1)
     4    0.01    0.09    0.37    0.37 ^ _32_/Q (sky130_fd_sc_hd__dfrtp_1)
                                         current_state[2] (net)
                  0.09    0.00    0.37 ^ _13_/B (sky130_fd_sc_hd__nand2_1)
     2    0.00    0.05    0.07    0.44 v _13_/Y (sky130_fd_sc_hd__nand2_1)
                                         _04_ (net)
                  0.05    0.00    0.44 v _14_/B (sky130_fd_sc_hd__and2_1)
     1    0.00    0.03    0.14    0.58 v _14_/X (sky130_fd_sc_hd__and2_1)
                                         _05_ (net)
                  0.03    0.00    0.58 v _15_/A (sky130_fd_sc_hd__clkbuf_1)
     1    0.00    0.02    0.07    0.66 v _15_/X (sky130_fd_sc_hd__clkbuf_1)
                                         next_state[0] (net)
                  0.02    0.00    0.66 v _30_/D (sky130_fd_sc_hd__dfrtp_1)
                                  0.66   data arrival time

                  0.15    0.00    0.00   clock clock (rise edge)
                          0.00    0.00   clock network delay (ideal)
                          0.25    0.25   clock uncertainty
                          0.00    0.25   clock reconvergence pessimism
                                  0.25 ^ _30_/CLK (sky130_fd_sc_hd__dfrtp_1)
                         -0.01    0.24   library hold time
                                  0.24   data required time
-----------------------------------------------------------------------------
                                  0.24   data required time
                                 -0.66   data arrival time
-----------------------------------------------------------------------------
                                  0.42   slack (MET)


Startpoint: reset (input port clocked by clock)
Endpoint: _31_ (removal check against rising-edge clock clock)
Path Group: asynchronous
Path Type: min

Fanout     Cap    Slew   Delay    Time   Description
-----------------------------------------------------------------------------
                  0.15    0.00    0.00   clock clock (rise edge)
                          0.00    0.00   clock network delay (ideal)
                          2.00    2.00 v input external delay
     1    0.00    0.01    0.00    2.00 v reset (in)
                                         reset (net)
                  0.01    0.00    2.00 v input5/A (sky130_fd_sc_hd__clkbuf_1)
     1    0.00    0.03    0.07    2.07 v input5/X (sky130_fd_sc_hd__clkbuf_1)
                                         net7 (net)
                  0.03    0.00    2.07 v input3/A (sky130_fd_sc_hd__clkbuf_1)
     1    0.00    0.02    0.07    2.15 v input3/X (sky130_fd_sc_hd__clkbuf_1)
                                         net4 (net)
                  0.02    0.00    2.15 v input1/A (sky130_fd_sc_hd__clkbuf_2)
     3    0.01    0.06    0.12    2.27 v input1/X (sky130_fd_sc_hd__clkbuf_2)
                                         net1 (net)
                  0.06    0.00    2.27 v _27_/A (sky130_fd_sc_hd__inv_2)
     1    0.00    0.03    0.05    2.31 ^ _27_/Y (sky130_fd_sc_hd__inv_2)
                                         _01_ (net)
                  0.03    0.00    2.31 ^ _31_/RESET_B (sky130_fd_sc_hd__dfrtp_1)
                                  2.31   data arrival time

                  0.15    0.00    0.00   clock clock (rise edge)
                          0.00    0.00   clock network delay (ideal)
                          0.25    0.25   clock uncertainty
                          0.00    0.25   clock reconvergence pessimism
                                  0.25 ^ _31_/CLK (sky130_fd_sc_hd__dfrtp_1)
                          0.34    0.59   library removal time
                                  0.59   data required time
-----------------------------------------------------------------------------
                                  0.59   data required time
                                 -2.31   data arrival time
-----------------------------------------------------------------------------
                                  1.72   slack (MET)


Startpoint: reset (input port clocked by clock)
Endpoint: _32_ (removal check against rising-edge clock clock)
Path Group: asynchronous
Path Type: min

Fanout     Cap    Slew   Delay    Time   Description
-----------------------------------------------------------------------------
                  0.15    0.00    0.00   clock clock (rise edge)
                          0.00    0.00   clock network delay (ideal)
                          2.00    2.00 v input external delay
     1    0.00    0.01    0.00    2.00 v reset (in)
                                         reset (net)
                  0.01    0.00    2.00 v input5/A (sky130_fd_sc_hd__clkbuf_1)
     1    0.00    0.03    0.07    2.07 v input5/X (sky130_fd_sc_hd__clkbuf_1)
                                         net7 (net)
                  0.03    0.00    2.07 v input3/A (sky130_fd_sc_hd__clkbuf_1)
     1    0.00    0.02    0.07    2.15 v input3/X (sky130_fd_sc_hd__clkbuf_1)
                                         net4 (net)
                  0.02    0.00    2.15 v input1/A (sky130_fd_sc_hd__clkbuf_2)
     3    0.01    0.06    0.12    2.27 v input1/X (sky130_fd_sc_hd__clkbuf_2)
                                         net1 (net)
                  0.06    0.00    2.27 v _28_/A (sky130_fd_sc_hd__inv_2)
     1    0.00    0.03    0.05    2.31 ^ _28_/Y (sky130_fd_sc_hd__inv_2)
                                         _02_ (net)
                  0.03    0.00    2.31 ^ _32_/RESET_B (sky130_fd_sc_hd__dfrtp_1)
                                  2.31   data arrival time

                  0.15    0.00    0.00   clock clock (rise edge)
                          0.00    0.00   clock network delay (ideal)
                          0.25    0.25   clock uncertainty
                          0.00    0.25   clock reconvergence pessimism
                                  0.25 ^ _32_/CLK (sky130_fd_sc_hd__dfrtp_1)
                          0.34    0.59   library removal time
                                  0.59   data required time
-----------------------------------------------------------------------------
                                  0.59   data required time
                                 -2.31   data arrival time
-----------------------------------------------------------------------------
                                  1.72   slack (MET)


Startpoint: reset (input port clocked by clock)
Endpoint: _30_ (removal check against rising-edge clock clock)
Path Group: asynchronous
Path Type: min

Fanout     Cap    Slew   Delay    Time   Description
-----------------------------------------------------------------------------
                  0.15    0.00    0.00   clock clock (rise edge)
                          0.00    0.00   clock network delay (ideal)
                          2.00    2.00 v input external delay
     1    0.00    0.01    0.00    2.00 v reset (in)
                                         reset (net)
                  0.01    0.00    2.00 v input5/A (sky130_fd_sc_hd__clkbuf_1)
     1    0.00    0.03    0.07    2.07 v input5/X (sky130_fd_sc_hd__clkbuf_1)
                                         net7 (net)
                  0.03    0.00    2.07 v input3/A (sky130_fd_sc_hd__clkbuf_1)
     1    0.00    0.02    0.07    2.15 v input3/X (sky130_fd_sc_hd__clkbuf_1)
                                         net4 (net)
                  0.02    0.00    2.15 v input1/A (sky130_fd_sc_hd__clkbuf_2)
     3    0.01    0.06    0.12    2.27 v input1/X (sky130_fd_sc_hd__clkbuf_2)
                                         net1 (net)
                  0.06    0.00    2.27 v _23_/A (sky130_fd_sc_hd__inv_2)
     2    0.01    0.04    0.05    2.32 ^ _23_/Y (sky130_fd_sc_hd__inv_2)
                                         _00_ (net)
                  0.04    0.00    2.32 ^ _30_/RESET_B (sky130_fd_sc_hd__dfrtp_1)
                                  2.32   data arrival time

                  0.15    0.00    0.00   clock clock (rise edge)
                          0.00    0.00   clock network delay (ideal)
                          0.25    0.25   clock uncertainty
                          0.00    0.25   clock reconvergence pessimism
                                  0.25 ^ _30_/CLK (sky130_fd_sc_hd__dfrtp_1)
                          0.35    0.60   library removal time
                                  0.60   data required time
-----------------------------------------------------------------------------
                                  0.60   data required time
                                 -2.32   data arrival time
-----------------------------------------------------------------------------
                                  1.72   slack (MET)


Startpoint: _29_ (rising edge-triggered flip-flop clocked by clock)
Endpoint: detector_out (output port clocked by clock)
Path Group: clock
Path Type: min

Fanout     Cap    Slew   Delay    Time   Description
-----------------------------------------------------------------------------
                  0.15    0.00    0.00   clock clock (rise edge)
                          0.00    0.00   clock network delay (ideal)
                  0.15    0.00    0.00 ^ _29_/CLK (sky130_fd_sc_hd__dfxtp_1)
     1    0.00    0.03    0.31    0.31 v _29_/Q (sky130_fd_sc_hd__dfxtp_1)
                                         net3 (net)
                  0.03    0.00    0.31 v output3/A (sky130_fd_sc_hd__clkbuf_1)
     1    0.00    0.02    0.07    0.38 v output3/X (sky130_fd_sc_hd__clkbuf_1)
                                         net6 (net)
                  0.02    0.00    0.38 v output5/A (sky130_fd_sc_hd__clkbuf_1)
     1    0.00    0.02    0.07    0.45 v output5/X (sky130_fd_sc_hd__clkbuf_1)
                                         net9 (net)
                  0.02    0.00    0.45 v output7/A (sky130_fd_sc_hd__buf_2)
     1    0.03    0.09    0.16    0.61 v output7/X (sky130_fd_sc_hd__buf_2)
                                         detector_out (net)
                  0.09    0.00    0.61 v detector_out (out)
                                  0.61   data arrival time

                  0.15    0.00    0.00   clock clock (rise edge)
                          0.00    0.00   clock network delay (ideal)
                          0.25    0.25   clock uncertainty
                          0.00    0.25   clock reconvergence pessimism
                         -2.00   -1.75   output external delay
                                 -1.75   data required time
-----------------------------------------------------------------------------
                                 -1.75   data required time
                                 -0.61   data arrival time
-----------------------------------------------------------------------------
                                  2.36   slack (MET)



worst slack corner Typical: 0.3376
min_report_end
max_report

===========================================================================
report_checks -path_delay max (Setup)
============================================================================
======================= Typical Corner ===================================

Startpoint: sequence_in (input port clocked by clock)
Endpoint: _31_ (rising edge-triggered flip-flop clocked by clock)
Path Group: clock
Path Type: max

Fanout     Cap    Slew   Delay    Time   Description
-----------------------------------------------------------------------------
                  0.15    0.00    0.00   clock clock (rise edge)
                          0.00    0.00   clock network delay (ideal)
                          2.00    2.00 ^ input external delay
     1    0.00    0.02    0.01    2.01 ^ sequence_in (in)
                                         sequence_in (net)
                  0.02    0.00    2.01 ^ input6/A (sky130_fd_sc_hd__clkbuf_1)
     1    0.00    0.05    0.08    2.09 ^ input6/X (sky130_fd_sc_hd__clkbuf_1)
                                         net8 (net)
                  0.05    0.00    2.09 ^ input4/A (sky130_fd_sc_hd__clkbuf_1)
     1    0.00    0.04    0.09    2.18 ^ input4/X (sky130_fd_sc_hd__clkbuf_1)
                                         net5 (net)
                  0.04    0.00    2.18 ^ input2/A (sky130_fd_sc_hd__buf_1)
     3    0.01    0.11    0.14    2.32 ^ input2/X (sky130_fd_sc_hd__buf_1)
                                         net2 (net)
                  0.11    0.00    2.32 ^ _16_/B (sky130_fd_sc_hd__xor2_1)
     2    0.00    0.14    0.18    2.50 ^ _16_/X (sky130_fd_sc_hd__xor2_1)
                                         _06_ (net)
                  0.14    0.00    2.50 ^ _18_/B (sky130_fd_sc_hd__and3b_1)
     1    0.00    0.05    0.18    2.67 ^ _18_/X (sky130_fd_sc_hd__and3b_1)
                                         _08_ (net)
                  0.05    0.00    2.67 ^ _19_/A (sky130_fd_sc_hd__clkbuf_1)
     1    0.00    0.04    0.08    2.76 ^ _19_/X (sky130_fd_sc_hd__clkbuf_1)
                                         next_state[1] (net)
                  0.04    0.00    2.76 ^ _31_/D (sky130_fd_sc_hd__dfrtp_1)
                                  2.76   data arrival time

                  0.15   10.00   10.00   clock clock (rise edge)
                          0.00   10.00   clock network delay (ideal)
                         -0.25    9.75   clock uncertainty
                          0.00    9.75   clock reconvergence pessimism
                                  9.75 ^ _31_/CLK (sky130_fd_sc_hd__dfrtp_1)
                         -0.04    9.71   library setup time
                                  9.71   data required time
-----------------------------------------------------------------------------
                                  9.71   data required time
                                 -2.76   data arrival time
-----------------------------------------------------------------------------
                                  6.95   slack (MET)


Startpoint: sequence_in (input port clocked by clock)
Endpoint: _29_ (rising edge-triggered flip-flop clocked by clock)
Path Group: clock
Path Type: max

Fanout     Cap    Slew   Delay    Time   Description
-----------------------------------------------------------------------------
                  0.15    0.00    0.00   clock clock (rise edge)
                          0.00    0.00   clock network delay (ideal)
                          2.00    2.00 v input external delay
     1    0.00    0.01    0.00    2.00 v sequence_in (in)
                                         sequence_in (net)
                  0.01    0.00    2.00 v input6/A (sky130_fd_sc_hd__clkbuf_1)
     1    0.00    0.03    0.08    2.08 v input6/X (sky130_fd_sc_hd__clkbuf_1)
                                         net8 (net)
                  0.03    0.00    2.08 v input4/A (sky130_fd_sc_hd__clkbuf_1)
     1    0.00    0.03    0.08    2.17 v input4/X (sky130_fd_sc_hd__clkbuf_1)
                                         net5 (net)
                  0.03    0.00    2.17 v input2/A (sky130_fd_sc_hd__buf_1)
     3    0.01    0.06    0.11    2.28 v input2/X (sky130_fd_sc_hd__buf_1)
                                         net2 (net)
                  0.06    0.00    2.28 v _24_/C (sky130_fd_sc_hd__and3b_1)
     1    0.00    0.03    0.18    2.45 v _24_/X (sky130_fd_sc_hd__and3b_1)
                                         _11_ (net)
                  0.03    0.00    2.45 v _25_/C (sky130_fd_sc_hd__and3_1)
     1    0.00    0.04    0.17    2.63 v _25_/X (sky130_fd_sc_hd__and3_1)
                                         _12_ (net)
                  0.04    0.00    2.63 v _26_/A (sky130_fd_sc_hd__clkbuf_1)
     1    0.00    0.02    0.08    2.71 v _26_/X (sky130_fd_sc_hd__clkbuf_1)
                                         _03_ (net)
                  0.02    0.00    2.71 v _29_/D (sky130_fd_sc_hd__dfxtp_1)
                                  2.71   data arrival time

                  0.15   10.00   10.00   clock clock (rise edge)
                          0.00   10.00   clock network delay (ideal)
                         -0.25    9.75   clock uncertainty
                          0.00    9.75   clock reconvergence pessimism
                                  9.75 ^ _29_/CLK (sky130_fd_sc_hd__dfxtp_1)
                         -0.08    9.67   library setup time
                                  9.67   data required time
-----------------------------------------------------------------------------
                                  9.67   data required time
                                 -2.71   data arrival time
-----------------------------------------------------------------------------
                                  6.96   slack (MET)


Startpoint: sequence_in (input port clocked by clock)
Endpoint: _32_ (rising edge-triggered flip-flop clocked by clock)
Path Group: clock
Path Type: max

Fanout     Cap    Slew   Delay    Time   Description
-----------------------------------------------------------------------------
                  0.15    0.00    0.00   clock clock (rise edge)
                          0.00    0.00   clock network delay (ideal)
                          2.00    2.00 ^ input external delay
     1    0.00    0.02    0.01    2.01 ^ sequence_in (in)
                                         sequence_in (net)
                  0.02    0.00    2.01 ^ input6/A (sky130_fd_sc_hd__clkbuf_1)
     1    0.00    0.05    0.08    2.09 ^ input6/X (sky130_fd_sc_hd__clkbuf_1)
                                         net8 (net)
                  0.05    0.00    2.09 ^ input4/A (sky130_fd_sc_hd__clkbuf_1)
     1    0.00    0.04    0.09    2.18 ^ input4/X (sky130_fd_sc_hd__clkbuf_1)
                                         net5 (net)
                  0.04    0.00    2.18 ^ input2/A (sky130_fd_sc_hd__buf_1)
     3    0.01    0.11    0.14    2.32 ^ input2/X (sky130_fd_sc_hd__buf_1)
                                         net2 (net)
                  0.11    0.00    2.32 ^ _16_/B (sky130_fd_sc_hd__xor2_1)
     2    0.00    0.14    0.18    2.50 ^ _16_/X (sky130_fd_sc_hd__xor2_1)
                                         _06_ (net)
                  0.14    0.00    2.50 ^ _22_/C1 (sky130_fd_sc_hd__o2111a_1)
     1    0.00    0.05    0.21    2.70 ^ _22_/X (sky130_fd_sc_hd__o2111a_1)
                                         next_state[2] (net)
                  0.05    0.00    2.70 ^ _32_/D (sky130_fd_sc_hd__dfrtp_1)
                                  2.70   data arrival time

                  0.15   10.00   10.00   clock clock (rise edge)
                          0.00   10.00   clock network delay (ideal)
                         -0.25    9.75   clock uncertainty
                          0.00    9.75   clock reconvergence pessimism
                                  9.75 ^ _32_/CLK (sky130_fd_sc_hd__dfrtp_1)
                         -0.05    9.70   library setup time
                                  9.70   data required time
-----------------------------------------------------------------------------
                                  9.70   data required time
                                 -2.70   data arrival time
-----------------------------------------------------------------------------
                                  7.00   slack (MET)


Startpoint: _29_ (rising edge-triggered flip-flop clocked by clock)
Endpoint: detector_out (output port clocked by clock)
Path Group: clock
Path Type: max

Fanout     Cap    Slew   Delay    Time   Description
-----------------------------------------------------------------------------
                  0.15    0.00    0.00   clock clock (rise edge)
                          0.00    0.00   clock network delay (ideal)
                  0.15    0.00    0.00 ^ _29_/CLK (sky130_fd_sc_hd__dfxtp_1)
     1    0.00    0.04    0.35    0.35 ^ _29_/Q (sky130_fd_sc_hd__dfxtp_1)
                                         net3 (net)
                  0.04    0.00    0.35 ^ output3/A (sky130_fd_sc_hd__clkbuf_1)
     1    0.00    0.04    0.08    0.43 ^ output3/X (sky130_fd_sc_hd__clkbuf_1)
                                         net6 (net)
                  0.04    0.00    0.43 ^ output5/A (sky130_fd_sc_hd__clkbuf_1)
     1    0.00    0.04    0.08    0.51 ^ output5/X (sky130_fd_sc_hd__clkbuf_1)
                                         net9 (net)
                  0.04    0.00    0.51 ^ output7/A (sky130_fd_sc_hd__buf_2)
     1    0.03    0.17    0.21    0.71 ^ output7/X (sky130_fd_sc_hd__buf_2)
                                         detector_out (net)
                  0.17    0.00    0.71 ^ detector_out (out)
                                  0.71   data arrival time

                  0.15   10.00   10.00   clock clock (rise edge)
                          0.00   10.00   clock network delay (ideal)
                         -0.25    9.75   clock uncertainty
                          0.00    9.75   clock reconvergence pessimism
                         -2.00    7.75   output external delay
                                  7.75   data required time
-----------------------------------------------------------------------------
                                  7.75   data required time
                                 -0.71   data arrival time
-----------------------------------------------------------------------------
                                  7.04   slack (MET)


Startpoint: sequence_in (input port clocked by clock)
Endpoint: _30_ (rising edge-triggered flip-flop clocked by clock)
Path Group: clock
Path Type: max

Fanout     Cap    Slew   Delay    Time   Description
-----------------------------------------------------------------------------
                  0.15    0.00    0.00   clock clock (rise edge)
                          0.00    0.00   clock network delay (ideal)
                          2.00    2.00 v input external delay
     1    0.00    0.01    0.00    2.00 v sequence_in (in)
                                         sequence_in (net)
                  0.01    0.00    2.00 v input6/A (sky130_fd_sc_hd__clkbuf_1)
     1    0.00    0.03    0.08    2.08 v input6/X (sky130_fd_sc_hd__clkbuf_1)
                                         net8 (net)
                  0.03    0.00    2.08 v input4/A (sky130_fd_sc_hd__clkbuf_1)
     1    0.00    0.03    0.08    2.17 v input4/X (sky130_fd_sc_hd__clkbuf_1)
                                         net5 (net)
                  0.03    0.00    2.17 v input2/A (sky130_fd_sc_hd__buf_1)
     3    0.01    0.06    0.11    2.28 v input2/X (sky130_fd_sc_hd__buf_1)
                                         net2 (net)
                  0.06    0.00    2.28 v _14_/A (sky130_fd_sc_hd__and2_1)
     1    0.00    0.03    0.14    2.42 v _14_/X (sky130_fd_sc_hd__and2_1)
                                         _05_ (net)
                  0.03    0.00    2.42 v _15_/A (sky130_fd_sc_hd__clkbuf_1)
     1    0.00    0.02    0.08    2.50 v _15_/X (sky130_fd_sc_hd__clkbuf_1)
                                         next_state[0] (net)
                  0.02    0.00    2.50 v _30_/D (sky130_fd_sc_hd__dfrtp_1)
                                  2.50   data arrival time

                  0.15   10.00   10.00   clock clock (rise edge)
                          0.00   10.00   clock network delay (ideal)
                         -0.25    9.75   clock uncertainty
                          0.00    9.75   clock reconvergence pessimism
                                  9.75 ^ _30_/CLK (sky130_fd_sc_hd__dfrtp_1)
                         -0.08    9.67   library setup time
                                  9.67   data required time
-----------------------------------------------------------------------------
                                  9.67   data required time
                                 -2.50   data arrival time
-----------------------------------------------------------------------------
                                  7.17   slack (MET)


Startpoint: reset (input port clocked by clock)
Endpoint: _30_ (recovery check against rising-edge clock clock)
Path Group: asynchronous
Path Type: max

Fanout     Cap    Slew   Delay    Time   Description
-----------------------------------------------------------------------------
                  0.15    0.00    0.00   clock clock (rise edge)
                          0.00    0.00   clock network delay (ideal)
                          2.00    2.00 v input external delay
     1    0.00    0.01    0.00    2.00 v reset (in)
                                         reset (net)
                  0.01    0.00    2.00 v input5/A (sky130_fd_sc_hd__clkbuf_1)
     1    0.00    0.03    0.08    2.08 v input5/X (sky130_fd_sc_hd__clkbuf_1)
                                         net7 (net)
                  0.03    0.00    2.08 v input3/A (sky130_fd_sc_hd__clkbuf_1)
     1    0.00    0.02    0.08    2.16 v input3/X (sky130_fd_sc_hd__clkbuf_1)
                                         net4 (net)
                  0.02    0.00    2.16 v input1/A (sky130_fd_sc_hd__clkbuf_2)
     3    0.01    0.06    0.13    2.29 v input1/X (sky130_fd_sc_hd__clkbuf_2)
                                         net1 (net)
                  0.06    0.00    2.29 v _23_/A (sky130_fd_sc_hd__inv_2)
     2    0.01    0.04    0.06    2.35 ^ _23_/Y (sky130_fd_sc_hd__inv_2)
                                         _00_ (net)
                  0.04    0.00    2.35 ^ _30_/RESET_B (sky130_fd_sc_hd__dfrtp_1)
                                  2.35   data arrival time

                  0.15   10.00   10.00   clock clock (rise edge)
                          0.00   10.00   clock network delay (ideal)
                         -0.25    9.75   clock uncertainty
                          0.00    9.75   clock reconvergence pessimism
                                  9.75 ^ _30_/CLK (sky130_fd_sc_hd__dfrtp_1)
                          0.26   10.01   library recovery time
                                 10.01   data required time
-----------------------------------------------------------------------------
                                 10.01   data required time
                                 -2.35   data arrival time
-----------------------------------------------------------------------------
                                  7.66   slack (MET)


Startpoint: reset (input port clocked by clock)
Endpoint: _32_ (recovery check against rising-edge clock clock)
Path Group: asynchronous
Path Type: max

Fanout     Cap    Slew   Delay    Time   Description
-----------------------------------------------------------------------------
                  0.15    0.00    0.00   clock clock (rise edge)
                          0.00    0.00   clock network delay (ideal)
                          2.00    2.00 v input external delay
     1    0.00    0.01    0.00    2.00 v reset (in)
                                         reset (net)
                  0.01    0.00    2.00 v input5/A (sky130_fd_sc_hd__clkbuf_1)
     1    0.00    0.03    0.08    2.08 v input5/X (sky130_fd_sc_hd__clkbuf_1)
                                         net7 (net)
                  0.03    0.00    2.08 v input3/A (sky130_fd_sc_hd__clkbuf_1)
     1    0.00    0.02    0.08    2.16 v input3/X (sky130_fd_sc_hd__clkbuf_1)
                                         net4 (net)
                  0.02    0.00    2.16 v input1/A (sky130_fd_sc_hd__clkbuf_2)
     3    0.01    0.06    0.13    2.29 v input1/X (sky130_fd_sc_hd__clkbuf_2)
                                         net1 (net)
                  0.06    0.00    2.29 v _28_/A (sky130_fd_sc_hd__inv_2)
     1    0.00    0.03    0.05    2.35 ^ _28_/Y (sky130_fd_sc_hd__inv_2)
                                         _02_ (net)
                  0.03    0.00    2.35 ^ _32_/RESET_B (sky130_fd_sc_hd__dfrtp_1)
                                  2.35   data arrival time

                  0.15   10.00   10.00   clock clock (rise edge)
                          0.00   10.00   clock network delay (ideal)
                         -0.25    9.75   clock uncertainty
                          0.00    9.75   clock reconvergence pessimism
                                  9.75 ^ _32_/CLK (sky130_fd_sc_hd__dfrtp_1)
                          0.27   10.02   library recovery time
                                 10.02   data required time
-----------------------------------------------------------------------------
                                 10.02   data required time
                                 -2.35   data arrival time
-----------------------------------------------------------------------------
                                  7.67   slack (MET)


Startpoint: reset (input port clocked by clock)
Endpoint: _31_ (recovery check against rising-edge clock clock)
Path Group: asynchronous
Path Type: max

Fanout     Cap    Slew   Delay    Time   Description
-----------------------------------------------------------------------------
                  0.15    0.00    0.00   clock clock (rise edge)
                          0.00    0.00   clock network delay (ideal)
                          2.00    2.00 v input external delay
     1    0.00    0.01    0.00    2.00 v reset (in)
                                         reset (net)
                  0.01    0.00    2.00 v input5/A (sky130_fd_sc_hd__clkbuf_1)
     1    0.00    0.03    0.08    2.08 v input5/X (sky130_fd_sc_hd__clkbuf_1)
                                         net7 (net)
                  0.03    0.00    2.08 v input3/A (sky130_fd_sc_hd__clkbuf_1)
     1    0.00    0.02    0.08    2.16 v input3/X (sky130_fd_sc_hd__clkbuf_1)
                                         net4 (net)
                  0.02    0.00    2.16 v input1/A (sky130_fd_sc_hd__clkbuf_2)
     3    0.01    0.06    0.13    2.29 v input1/X (sky130_fd_sc_hd__clkbuf_2)
                                         net1 (net)
                  0.06    0.00    2.29 v _27_/A (sky130_fd_sc_hd__inv_2)
     1    0.00    0.03    0.05    2.35 ^ _27_/Y (sky130_fd_sc_hd__inv_2)
                                         _01_ (net)
                  0.03    0.00    2.35 ^ _31_/RESET_B (sky130_fd_sc_hd__dfrtp_1)
                                  2.35   data arrival time

                  0.15   10.00   10.00   clock clock (rise edge)
                          0.00   10.00   clock network delay (ideal)
                         -0.25    9.75   clock uncertainty
                          0.00    9.75   clock reconvergence pessimism
                                  9.75 ^ _31_/CLK (sky130_fd_sc_hd__dfrtp_1)
                          0.27   10.02   library recovery time
                                 10.02   data required time
-----------------------------------------------------------------------------
                                 10.02   data required time
                                 -2.35   data arrival time
-----------------------------------------------------------------------------
                                  7.67   slack (MET)



worst slack corner Typical: 6.9505
max_report_end
checks_report

===========================================================================
report_checks -unconstrained
===========================================================================
======================= Typical Corner ===================================

Startpoint: reset (input port clocked by clock)
Endpoint: _30_ (recovery check against rising-edge clock clock)
Path Group: asynchronous
Path Type: max

Fanout     Cap    Slew   Delay    Time   Description
-----------------------------------------------------------------------------
                  0.15    0.00    0.00   clock clock (rise edge)
                          0.00    0.00   clock network delay (ideal)
                          2.00    2.00 v input external delay
     1    0.00    0.01    0.00    2.00 v reset (in)
                                         reset (net)
                  0.01    0.00    2.00 v input5/A (sky130_fd_sc_hd__clkbuf_1)
     1    0.00    0.03    0.08    2.08 v input5/X (sky130_fd_sc_hd__clkbuf_1)
                                         net7 (net)
                  0.03    0.00    2.08 v input3/A (sky130_fd_sc_hd__clkbuf_1)
     1    0.00    0.02    0.08    2.16 v input3/X (sky130_fd_sc_hd__clkbuf_1)
                                         net4 (net)
                  0.02    0.00    2.16 v input1/A (sky130_fd_sc_hd__clkbuf_2)
     3    0.01    0.06    0.13    2.29 v input1/X (sky130_fd_sc_hd__clkbuf_2)
                                         net1 (net)
                  0.06    0.00    2.29 v _23_/A (sky130_fd_sc_hd__inv_2)
     2    0.01    0.04    0.06    2.35 ^ _23_/Y (sky130_fd_sc_hd__inv_2)
                                         _00_ (net)
                  0.04    0.00    2.35 ^ _30_/RESET_B (sky130_fd_sc_hd__dfrtp_1)
                                  2.35   data arrival time

                  0.15   10.00   10.00   clock clock (rise edge)
                          0.00   10.00   clock network delay (ideal)
                         -0.25    9.75   clock uncertainty
                          0.00    9.75   clock reconvergence pessimism
                                  9.75 ^ _30_/CLK (sky130_fd_sc_hd__dfrtp_1)
                          0.26   10.01   library recovery time
                                 10.01   data required time
-----------------------------------------------------------------------------
                                 10.01   data required time
                                 -2.35   data arrival time
-----------------------------------------------------------------------------
                                  7.66   slack (MET)


Startpoint: sequence_in (input port clocked by clock)
Endpoint: _31_ (rising edge-triggered flip-flop clocked by clock)
Path Group: clock
Path Type: max

Fanout     Cap    Slew   Delay    Time   Description
-----------------------------------------------------------------------------
                  0.15    0.00    0.00   clock clock (rise edge)
                          0.00    0.00   clock network delay (ideal)
                          2.00    2.00 ^ input external delay
     1    0.00    0.02    0.01    2.01 ^ sequence_in (in)
                                         sequence_in (net)
                  0.02    0.00    2.01 ^ input6/A (sky130_fd_sc_hd__clkbuf_1)
     1    0.00    0.05    0.08    2.09 ^ input6/X (sky130_fd_sc_hd__clkbuf_1)
                                         net8 (net)
                  0.05    0.00    2.09 ^ input4/A (sky130_fd_sc_hd__clkbuf_1)
     1    0.00    0.04    0.09    2.18 ^ input4/X (sky130_fd_sc_hd__clkbuf_1)
                                         net5 (net)
                  0.04    0.00    2.18 ^ input2/A (sky130_fd_sc_hd__buf_1)
     3    0.01    0.11    0.14    2.32 ^ input2/X (sky130_fd_sc_hd__buf_1)
                                         net2 (net)
                  0.11    0.00    2.32 ^ _16_/B (sky130_fd_sc_hd__xor2_1)
     2    0.00    0.14    0.18    2.50 ^ _16_/X (sky130_fd_sc_hd__xor2_1)
                                         _06_ (net)
                  0.14    0.00    2.50 ^ _18_/B (sky130_fd_sc_hd__and3b_1)
     1    0.00    0.05    0.18    2.67 ^ _18_/X (sky130_fd_sc_hd__and3b_1)
                                         _08_ (net)
                  0.05    0.00    2.67 ^ _19_/A (sky130_fd_sc_hd__clkbuf_1)
     1    0.00    0.04    0.08    2.76 ^ _19_/X (sky130_fd_sc_hd__clkbuf_1)
                                         next_state[1] (net)
                  0.04    0.00    2.76 ^ _31_/D (sky130_fd_sc_hd__dfrtp_1)
                                  2.76   data arrival time

                  0.15   10.00   10.00   clock clock (rise edge)
                          0.00   10.00   clock network delay (ideal)
                         -0.25    9.75   clock uncertainty
                          0.00    9.75   clock reconvergence pessimism
                                  9.75 ^ _31_/CLK (sky130_fd_sc_hd__dfrtp_1)
                         -0.04    9.71   library setup time
                                  9.71   data required time
-----------------------------------------------------------------------------
                                  9.71   data required time
                                 -2.76   data arrival time
-----------------------------------------------------------------------------
                                  6.95   slack (MET)




===========================================================================
report_checks --slack_max -0.01
============================================================================
======================= Typical Corner ===================================

No paths found.


===========================================================================
 report_check_types -max_slew -max_cap -max_fanout -violators
============================================================================
======================= Typical Corner ===================================


max slew violations count Typical: 0
max fanout violations count Typical: 0
max cap violations count Typical: 0

===========================================================================
report_parasitic_annotation -report_unannotated
============================================================================
Found 35 unannotated drivers.
 clock
 reset
 sequence_in
 _13_/Y
 _14_/X
 _15_/X
 _16_/X
 _17_/X
 _18_/X
 _19_/X
 _20_/Y
 _21_/X
 _22_/X
 _23_/Y
 _24_/X
 _25_/X
 _26_/X
 _27_/Y
 _28_/Y
 _29_/Q
 _30_/Q
 _31_/Q
 _32_/Q
 clkbuf_0_clock/X
 clkbuf_1_0__f_clock/X
 clkbuf_1_1__f_clock/X
 input1/X
 input2/X
 input3/X
 input4/X
 input5/X
 input6/X
 output3/X
 output5/X
 output7/X
Found 0 partially unannotated drivers.

===========================================================================
max slew violation count 0
max fanout violation count 0
max cap violation count 0
============================================================================

===========================================================================
check_setup -verbose -unconstrained_endpoints -multiple_clock -no_clock -no_input_delay -loops -generated_clocks
===========================================================================
checks_report_end
power_report

===========================================================================
 report_power
============================================================================
======================= Typical Corner ===================================

Group                  Internal  Switching    Leakage      Total
                          Power      Power      Power      Power (Watts)
----------------------------------------------------------------
Sequential             1.75e-05   1.58e-06   4.34e-11   1.90e-05  23.1%
Combinational          5.35e-05   9.90e-06   1.97e-10   6.34e-05  76.9%
Macro                  0.00e+00   0.00e+00   0.00e+00   0.00e+00   0.0%
Pad                    0.00e+00   0.00e+00   0.00e+00   0.00e+00   0.0%
----------------------------------------------------------------
Total                  7.10e-05   1.15e-05   2.40e-10   8.24e-05 100.0%
                          86.1%      13.9%       0.0%

power_report_end
skew_report

===========================================================================
report_clock_skew
============================================================================
Clock clock
Latency      CRPR       Skew
_30_/CLK ^
   0.27
_31_/CLK ^
   0.24      0.00       0.03

skew_report_end
summary_report

===========================================================================
report_tns
============================================================================
tns 0.00

===========================================================================
report_wns
============================================================================
wns 0.00

===========================================================================
report_worst_slack -max (Setup)
============================================================================
worst slack 6.95

===========================================================================
report_worst_slack -min (Hold)
============================================================================
worst slack 0.34
summary_report_end
area_report

===========================================================================
report_design_area
============================================================================
Design area 320 u^2 24% utilization.
area_report_end
[WARNING] Did not save OpenROAD database!
Writing SDF to '/openlane/designs/pes_seq_det_ml_fsm/runs/final/results/signoff/pes_seq_det_ml_fsm.sdf'…
Writing timing model to '/openlane/designs/pes_seq_det_ml_fsm/runs/final/results/signoff/pes_seq_det_ml_fsm.lib'…
