#! /usr/local/bin/vvp
:ivl_version "10.3 (stable)" "(v10_3-42-gb98854309-dirty)";
:ivl_delay_selection "TYPICAL";
:vpi_time_precision + 0;
:vpi_module "system";
:vpi_module "vhdl_sys";
:vpi_module "v2005_math";
:vpi_module "va_math";
S_0x562a0c9e2ef0 .scope module, "pes_seq_det_ml_fsm_tb" "pes_seq_det_ml_fsm_tb" 2 1;
 .timescale 0 0;
v0x562a0c9fbe20_0 .var "clock", 0 0;
v0x562a0c9fbee0_0 .net "detector_out", 0 0, v0x562a0c9fba20_0;  1 drivers
v0x562a0c9fbfb0_0 .var "reset", 0 0;
v0x562a0c9fc0b0_0 .var "sequence_in", 0 0;
S_0x562a0c9e3070 .scope module, "m1" "pes_seq_det_ml_fsm" 2 4, 3 1 0, S_0x562a0c9e2ef0;
 .timescale 0 0;
    .port_info 0 /INPUT 1 "sequence_in"
    .port_info 1 /INPUT 1 "clock"
    .port_info 2 /INPUT 1 "reset"
    .port_info 3 /OUTPUT 1 "detector_out"
P_0x562a0c9a7420 .param/l "One" 0 3 7, C4<001>;
P_0x562a0c9a7460 .param/l "OneZero" 0 3 8, C4<010>;
P_0x562a0c9a74a0 .param/l "OneZeroOne" 0 3 9, C4<011>;
P_0x562a0c9a74e0 .param/l "OneZeroOneZero" 0 3 10, C4<100>;
P_0x562a0c9a7520 .param/l "OneZeroOneZeroOne" 0 3 11, C4<101>;
P_0x562a0c9a7560 .param/l "Zero" 0 3 6, C4<000>;
v0x562a0c9a77a0_0 .net "clock", 0 0, v0x562a0c9fbe20_0;  1 drivers
v0x562a0c9fb940_0 .var "current_state", 2 0;
v0x562a0c9fba20_0 .var "detector_out", 0 0;
v0x562a0c9fbaf0_0 .var "next_state", 2 0;
v0x562a0c9fbbd0_0 .net "reset", 0 0, v0x562a0c9fbfb0_0;  1 drivers
v0x562a0c9fbce0_0 .net "sequence_in", 0 0, v0x562a0c9fc0b0_0;  1 drivers
E_0x562a0c9dd250 .event posedge, v0x562a0c9a77a0_0;
E_0x562a0c9dd3a0 .event edge, v0x562a0c9fbce0_0, v0x562a0c9fb940_0;
E_0x562a0c9a7ea0 .event posedge, v0x562a0c9fbbd0_0, v0x562a0c9a77a0_0;
    .scope S_0x562a0c9e3070;
T_0 ;
    %wait E_0x562a0c9a7ea0;
    %load/vec4 v0x562a0c9fbbd0_0;
    %pad/u 32;
    %cmpi/e 1, 0, 32;
    %jmp/0xz  T_0.0, 4;
    %pushi/vec4 0, 0, 3;
    %assign/vec4 v0x562a0c9fb940_0, 0;
    %jmp T_0.1;
T_0.0 ;
    %load/vec4 v0x562a0c9fbaf0_0;
    %assign/vec4 v0x562a0c9fb940_0, 0;
T_0.1 ;
    %jmp T_0;
    .thread T_0;
    .scope S_0x562a0c9e3070;
T_1 ;
    %wait E_0x562a0c9dd3a0;
    %load/vec4 v0x562a0c9fb940_0;
    %dup/vec4;
    %pushi/vec4 0, 0, 3;
    %cmp/u;
    %jmp/1 T_1.0, 6;
    %dup/vec4;
    %pushi/vec4 1, 0, 3;
    %cmp/u;
    %jmp/1 T_1.1, 6;
    %dup/vec4;
    %pushi/vec4 2, 0, 3;
    %cmp/u;
    %jmp/1 T_1.2, 6;
    %dup/vec4;
    %pushi/vec4 3, 0, 3;
    %cmp/u;
    %jmp/1 T_1.3, 6;
    %dup/vec4;
    %pushi/vec4 4, 0, 3;
    %cmp/u;
    %jmp/1 T_1.4, 6;
    %dup/vec4;
    %pushi/vec4 5, 0, 3;
    %cmp/u;
    %jmp/1 T_1.5, 6;
    %pushi/vec4 0, 0, 3;
    %assign/vec4 v0x562a0c9fbaf0_0, 0;
    %jmp T_1.7;
T_1.0 ;
    %load/vec4 v0x562a0c9fbce0_0;
    %pad/u 32;
    %cmpi/e 1, 0, 32;
    %jmp/0xz  T_1.8, 4;
    %pushi/vec4 1, 0, 3;
    %assign/vec4 v0x562a0c9fbaf0_0, 0;
    %jmp T_1.9;
T_1.8 ;
    %pushi/vec4 0, 0, 3;
    %assign/vec4 v0x562a0c9fbaf0_0, 0;
T_1.9 ;
    %jmp T_1.7;
T_1.1 ;
    %load/vec4 v0x562a0c9fbce0_0;
    %pad/u 32;
    %cmpi/e 0, 0, 32;
    %jmp/0xz  T_1.10, 4;
    %pushi/vec4 2, 0, 3;
    %assign/vec4 v0x562a0c9fbaf0_0, 0;
    %jmp T_1.11;
T_1.10 ;
    %pushi/vec4 1, 0, 3;
    %assign/vec4 v0x562a0c9fbaf0_0, 0;
T_1.11 ;
    %jmp T_1.7;
T_1.2 ;
    %load/vec4 v0x562a0c9fbce0_0;
    %pad/u 32;
    %cmpi/e 0, 0, 32;
    %jmp/0xz  T_1.12, 4;
    %pushi/vec4 0, 0, 3;
    %assign/vec4 v0x562a0c9fbaf0_0, 0;
    %jmp T_1.13;
T_1.12 ;
    %pushi/vec4 3, 0, 3;
    %assign/vec4 v0x562a0c9fbaf0_0, 0;
T_1.13 ;
    %jmp T_1.7;
T_1.3 ;
    %load/vec4 v0x562a0c9fbce0_0;
    %pad/u 32;
    %cmpi/e 1, 0, 32;
    %jmp/0xz  T_1.14, 4;
    %pushi/vec4 1, 0, 3;
    %assign/vec4 v0x562a0c9fbaf0_0, 0;
    %jmp T_1.15;
T_1.14 ;
    %pushi/vec4 4, 0, 3;
    %assign/vec4 v0x562a0c9fbaf0_0, 0;
T_1.15 ;
    %jmp T_1.7;
T_1.4 ;
    %load/vec4 v0x562a0c9fbce0_0;
    %pad/u 32;
    %cmpi/e 0, 0, 32;
    %jmp/0xz  T_1.16, 4;
    %pushi/vec4 0, 0, 3;
    %assign/vec4 v0x562a0c9fbaf0_0, 0;
    %jmp T_1.17;
T_1.16 ;
    %pushi/vec4 5, 0, 3;
    %assign/vec4 v0x562a0c9fbaf0_0, 0;
T_1.17 ;
    %jmp T_1.7;
T_1.5 ;
    %load/vec4 v0x562a0c9fbce0_0;
    %pad/u 32;
    %cmpi/e 1, 0, 32;
    %jmp/0xz  T_1.18, 4;
    %pushi/vec4 1, 0, 3;
    %assign/vec4 v0x562a0c9fbaf0_0, 0;
    %jmp T_1.19;
T_1.18 ;
    %pushi/vec4 4, 0, 3;
    %store/vec4 v0x562a0c9fbaf0_0, 0, 3;
T_1.19 ;
    %jmp T_1.7;
T_1.7 ;
    %pop/vec4 1;
    %jmp T_1;
    .thread T_1, $push;
    .scope S_0x562a0c9e3070;
T_2 ;
    %wait E_0x562a0c9dd250;
    %load/vec4 v0x562a0c9fbbd0_0;
    %pad/u 32;
    %cmpi/e 1, 0, 32;
    %jmp/0xz  T_2.0, 4;
    %pushi/vec4 0, 0, 1;
    %assign/vec4 v0x562a0c9fba20_0, 0;
    %jmp T_2.1;
T_2.0 ;
    %load/vec4 v0x562a0c9fbce0_0;
    %load/vec4 v0x562a0c9fb940_0;
    %pushi/vec4 5, 0, 3;
    %cmp/e;
    %flag_get/vec4 4;
    %and;
    %flag_set/vec4 8;
    %jmp/0xz  T_2.2, 8;
    %pushi/vec4 1, 0, 1;
    %assign/vec4 v0x562a0c9fba20_0, 0;
    %jmp T_2.3;
T_2.2 ;
    %pushi/vec4 0, 0, 1;
    %assign/vec4 v0x562a0c9fba20_0, 0;
T_2.3 ;
T_2.1 ;
    %jmp T_2;
    .thread T_2;
    .scope S_0x562a0c9e2ef0;
T_3 ;
	  %vpi_call 2 7 "$dumpfile", "sqnsdet_tb.vcd" {0 0 0};
	  %vpi_call 2 8 "$dumpvars", 32'sb00000000000000000000000000000000 {0 0 0};
    %pushi/vec4 0, 0, 1;
    %store/vec4 v0x562a0c9fbe20_0, 0, 1;
    %pushi/vec4 0, 0, 1;
    %store/vec4 v0x562a0c9fc0b0_0, 0, 1;
    %pushi/vec4 1, 0, 1;
    %store/vec4 v0x562a0c9fbfb0_0, 0, 1;
    %delay 10, 0;
    %pushi/vec4 1, 0, 1;
    %store/vec4 v0x562a0c9fbfb0_0, 0, 1;
    %delay 10, 0;
    %pushi/vec4 0, 0, 1;
    %store/vec4 v0x562a0c9fbfb0_0, 0, 1;
	  %vpi_call 2 13 "$monitor", $time, " ", " ", "c=%b", v0x562a0c9fbe20_0, " ", "y=%b", v0x562a0c9fbee0_0, " ", "r=%b", v0x562a0c9fbfb0_0, " ", "d=%b", v0x562a0c9fc0b0_0 {0 0 0};
    %delay 10, 0;
    %pushi/vec4 0, 0, 1;
    %store/vec4 v0x562a0c9fc0b0_0, 0, 1;
    %delay 10, 0;
    %pushi/vec4 1, 0, 1;
    %store/vec4 v0x562a0c9fc0b0_0, 0, 1;
    %delay 10, 0;
    %pushi/vec4 0, 0, 1;
    %store/vec4 v0x562a0c9fc0b0_0, 0, 1;
    %delay 10, 0;
    %pushi/vec4 1, 0, 1;
    %store/vec4 v0x562a0c9fc0b0_0, 0, 1;
    %delay 10, 0;
    %pushi/vec4 0, 0, 1;
    %store/vec4 v0x562a0c9fc0b0_0, 0, 1;
    %delay 10, 0;
    %pushi/vec4 1, 0, 1;
    %store/vec4 v0x562a0c9fc0b0_0, 0, 1;
    %delay 10, 0;
    %pushi/vec4 1, 0, 1;
    %store/vec4 v0x562a0c9fc0b0_0, 0, 1;
    %delay 10, 0;
    %pushi/vec4 0, 0, 1;
    %store/vec4 v0x562a0c9fc0b0_0, 0, 1;
    %delay 10, 0;
    %pushi/vec4 1, 0, 1;
    %store/vec4 v0x562a0c9fc0b0_0, 0, 1;
    %delay 10, 0;
    %pushi/vec4 0, 0, 1;
    %store/vec4 v0x562a0c9fc0b0_0, 0, 1;
    %delay 10, 0;
    %pushi/vec4 0, 0, 1;
    %store/vec4 v0x562a0c9fc0b0_0, 0, 1;
    %end;
    .thread T_3;
    .scope S_0x562a0c9e2ef0;
T_4 ;
    %delay 5, 0;
    %load/vec4 v0x562a0c9fbe20_0;
    %inv;
    %store/vec4 v0x562a0c9fbe20_0, 0, 1;
    %jmp T_4;
    .thread T_4;
    .scope S_0x562a0c9e2ef0;
T_5 ;
    %delay 200, 0;
    %vpi_call 2 30 "$finish" {0 0 0};
    %end;
    .thread T_5;
# The file index is used to find the file name in the following table.
:file_names 4;
    "N/A";
    "<interactive>";
    "Seq_Detector_ML_FSM_tb.v";
    "Seq_detector_ML_FSM.v";
